 WARN  Unsupported engine: wanted: {"node":"20.x"} (current: {"node":"v22.13.0","pnpm":"10.18.2"})

> bespoke-ethos@0.1.0 build /home/ubuntu/bespoke-ethos
> node scripts/ci-build.mjs build.log

[images] wrote /home/ubuntu/bespoke-ethos/public/assets/generated/logo-header-light.png
[images] wrote /home/ubuntu/bespoke-ethos/public/assets/generated/logo-square-light.png
[images] wrote /home/ubuntu/bespoke-ethos/public/assets/generated/logo-header-dark.png
[images] wrote /home/ubuntu/bespoke-ethos/public/assets/generated/logo-square-dark.png
Wrote /home/ubuntu/bespoke-ethos/public/assets/generated/hero-cadence-desktop.webp
Wrote /home/ubuntu/bespoke-ethos/public/assets/generated/hero-cadence-tablet.webp
Wrote /home/ubuntu/bespoke-ethos/public/assets/generated/hero-cadence-mobile.webp
Wrote /home/ubuntu/bespoke-ethos/public/assets/generated/hero-cadence-square.webp
Wrote /home/ubuntu/bespoke-ethos/public/assets/generated/hero-flowstack-desktop.webp
Wrote /home/ubuntu/bespoke-ethos/public/assets/generated/hero-flowstack-tablet.webp
Wrote /home/ubuntu/bespoke-ethos/public/assets/generated/hero-flowstack-mobile.webp
Wrote /home/ubuntu/bespoke-ethos/public/assets/generated/hero-flowstack-square.webp
Wrote /home/ubuntu/bespoke-ethos/public/assets/generated/hero-chatbots-desktop.webp
Wrote /home/ubuntu/bespoke-ethos/public/assets/generated/hero-chatbots-tablet.webp
Wrote /home/ubuntu/bespoke-ethos/public/assets/generated/hero-chatbots-mobile.webp
Wrote /home/ubuntu/bespoke-ethos/public/assets/generated/hero-chatbots-square.webp
Wrote /home/ubuntu/bespoke-ethos/public/assets/generated/hero-chatbots-desktop.webp
Wrote /home/ubuntu/bespoke-ethos/public/assets/generated/hero-chatbots-tablet.webp
Wrote /home/ubuntu/bespoke-ethos/public/assets/generated/hero-chatbots-mobile.webp
Wrote /home/ubuntu/bespoke-ethos/public/assets/generated/hero-chatbots-square.webp
Wrote /home/ubuntu/bespoke-ethos/public/assets/generated/hero-consensus-desktop.webp
Wrote /home/ubuntu/bespoke-ethos/public/assets/generated/hero-consensus-tablet.webp
Wrote /home/ubuntu/bespoke-ethos/public/assets/generated/hero-consensus-mobile.webp
Wrote /home/ubuntu/bespoke-ethos/public/assets/generated/hero-consensus-square.webp
Wrote /home/ubuntu/bespoke-ethos/public/assets/generated/hero-redbridging-desktop.webp
Wrote /home/ubuntu/bespoke-ethos/public/assets/generated/hero-redbridging-tablet.webp
Wrote /home/ubuntu/bespoke-ethos/public/assets/generated/hero-redbridging-mobile.webp
Wrote /home/ubuntu/bespoke-ethos/public/assets/generated/hero-redbridging-square.webp
   ▲ Next.js 16.0.0 (webpack)

   Creating an optimized production build ...
 ✓ Compiled successfully in 33.1s
   Running TypeScript ...
   Collecting page data ...
 ⚠ Using edge runtime on a page currently disables static generation for that page
   Generating static pages (0/39) ...
   Generating static pages (9/39) 
   Generating static pages (19/39) 
   Generating static pages (29/39) 
 ✓ Generating static pages (39/39) in 1744.5ms
   Finalizing page optimization ...
   Collecting build traces ...

Route (app)                                             Revalidate  Expire
┌ ƒ /
├ ○ /_not-found
├ ƒ /[[...slug]]
├ ○ /about                                                     30m      1y
├ ƒ /api/brutus
├ ƒ /api/brutus/fs
├ ƒ /api/contact
├ ƒ /api/dev-coder
├ ƒ /api/newsletter
├ ƒ /api/search/internal
├ ○ /blog                                                      30m      1y
├ ● /blog/[slug]                                               30m      1y
│ ├ /blog/last-180-days-with-the-future-of-ai                  30m      1y
│ ├ /blog/cleveland-small-business-ai-automation-guide         30m      1y
│ ├ /blog/rescue-broken-zapier-make-automations                30m      1y
│ └ /blog/on-brand-ai-chatbots-vs-generic                      30m      1y
├ ƒ /blog/rss.xml
├ ƒ /book
├ ○ /case-studies                                              30m      1y
├ ƒ /changelog
├ ● /changelog/[slug]
├ ƒ /changelog/rss.xml
├ ƒ /contact
├ ○ /enterprise
├ ● /enterprise/[slug]
│ ├ /enterprise/automation-fabric
│ ├ /enterprise/cloud-chatbot
│ ├ /enterprise/decision-room
│ └ /enterprise/reliability-ops
├ ○ /faq                                                       30m      1y
├ ○ /help                                                      30m      1y
├ ○ /lgbtq-discount                                            30m      1y
├ ○ /pricing                                                   30m      1y
├ ○ /privacy-policy                                             1d      1y
├ ○ /products                                                  30m      1y
├ ○ /products/cadence                                          30m      1y
├ ○ /robots.txt
├ ○ /sitemap.xml                                               30m      1y
├ ○ /solutions                                                 30m      1y
├ ○ /solutions/a-la-carte                                      30m      1y
├ ○ /solutions/chatbots                                        30m      1y
├ ○ /solutions/consensus-engine                                30m      1y
├ ○ /solutions/essentials
├ ○ /solutions/flowstack                                       30m      1y
├ ○ /solutions/redbridging                                     30m      1y
├ ○ /terms                                                      1d      1y
└ ○ /testimonials                                              30m      1y


○  (Static)   prerendered as static content
●  (SSG)      prerendered as static HTML (uses generateStaticParams)
ƒ  (Dynamic)  server-rendered on demand

